<?xml version="1.0" encoding="utf-8"?><testsuites name="pytest tests"><testsuite name="pytest" errors="0" failures="0" skipped="0" tests="96" time="37.609" timestamp="2026-09-25T11:34:28.279536+00:00" hostname="vm"><testcase classname="tests.test_blup" name="test_t04_hand_derived" time="0.004" /><testcase classname="tests.test_blup" name="test_mrode_example_3_1[dense]" time="0.003" /><testcase classname="tests.test_blup" name="test_mrode_example_3_1[sparse_direct]" time="0.003" /><testcase classname="tests.test_blup" name="test_mrode_example_3_1[pcg]" time="0.003" /><testcase classname="tests.test_blup" name="test_repeatability_model_matches_v_form[4]" time="0.008" /><testcase classname="tests.test_blup" name="test_repeatability_model_matches_v_form[5]" time="0.008" /><testcase classname="tests.test_blup" name="test_invariance_to_constraint_choice_and_record_order" time="0.007" /><testcase classname="tests.test_blup" name="test_unit_change_kg_to_g" time="0.005" /><testcase classname="tests.test_blup" name="test_solvers_agree_on_larger_problem" time="0.175" /><testcase classname="tests.test_blup" name="test_invalid_variances_are_rejected" time="0.002" /><testcase classname="tests.test_blup" name="test_pcg_non_convergence_is_an_error" time="0.004" /><testcase classname="tests.test_blup" name="test_auto_selection_and_pcg_fallback" time="0.005" /><testcase classname="tests.test_examples" name="test_example02_reml_and_quarantine" time="2.151" /><testcase classname="tests.test_examples" name="test_example03_repeatability" time="3.905" /><testcase classname="tests.test_examples" name="test_example04_gblup" time="0.778" /><testcase classname="tests.test_examples" name="test_example05_single_step" time="2.817" /><testcase classname="tests.test_examples" name="test_example06_multitrait_index" time="7.258" /><testcase classname="tests.test_examples" name="test_example07_index_cli" time="0.003" /><testcase classname="tests.test_examples" name="test_selftest_command" time="0.010" /><testcase classname="tests.test_examples" name="test_published_json_schema_is_current" time="0.001" /><testcase classname="tests.test_examples" name="test_errors_command_lists_all_codes" time="0.002" /><testcase classname="tests.test_examples" name="test_api_example_script_runs" time="0.562" /><testcase classname="tests.test_genomic" name="test_t01_maf_is_minimum" time="0.001" /><testcase classname="tests.test_genomic" name="test_g_hand_example_and_properties" time="0.001" /><testcase classname="tests.test_genomic" name="test_allele_flip_invariance" time="0.001" /><testcase classname="tests.test_genomic" name="test_gblup_equals_snp_blup_including_unphenotyped" time="0.027" /><testcase classname="tests.test_genomic" name="test_pure_gblup_snp_blup_duality_when_g_is_pd" time="0.022" /><testcase classname="tests.test_genomic" name="test_singular_g_requires_explicit_policy" time="0.001" /><testcase classname="tests.test_genomic" name="test_t06_single_step_identities" time="0.003" /><testcase classname="tests.test_genomic" name="test_tuning_matches_a22_means" time="0.001" /><testcase classname="tests.test_genomic_workflow" name="test_gblup_workflow_matches_independent_reference" time="0.167" /><testcase classname="tests.test_genomic_workflow" name="test_excluded_records_cannot_influence_results" time="0.232" /><testcase classname="tests.test_genomic_workflow" name="test_gblup_refuses_ungenotyped_records_by_default" time="0.052" /><testcase classname="tests.test_genomic_workflow" name="test_single_step_workflow_matches_explicit_h" time="0.588" /><testcase classname="tests.test_genomic_workflow" name="test_sheep_generator_is_deterministic" time="0.108" /><testcase classname="tests.test_genomic_workflow" name="test_training_frequency_sample_uses_qc_passed_records" time="0.209" /><testcase classname="tests.test_manifest_contract" name="test_manifest_contract_for_passed_and_failed_runs" time="0.053" /><testcase classname="tests.test_multitrait" name="test_two_animals_two_traits_kronecker_order" time="0.003" /><testcase classname="tests.test_multitrait" name="test_missing_patterns_fixed_per_trait_against_reference" time="0.134" /><testcase classname="tests.test_multitrait" name="test_single_trait_degeneration_and_independent_traits" time="0.025" /><testcase classname="tests.test_multitrait" name="test_unit_change_of_one_trait" time="0.012" /><testcase classname="tests.test_multitrait" name="test_invalid_covariance_rejected" time="0.001" /><testcase classname="tests.test_pedigree" name="test_t03_hand_derived_gold_standard" time="0.002" /><testcase classname="tests.test_pedigree" name="test_classic_relationships" time="0.001" /><testcase classname="tests.test_pedigree" name="test_unknown_parents_are_distinct_base_animals" time="0.001" /><testcase classname="tests.test_pedigree" name="test_against_tabular_reference[1]" time="0.071" /><testcase classname="tests.test_pedigree" name="test_against_tabular_reference[2]" time="0.038" /><testcase classname="tests.test_pedigree" name="test_against_tabular_reference[3]" time="0.036" /><testcase classname="tests.test_pedigree" name="test_input_order_invariance" time="0.008" /><testcase classname="tests.test_pedigree" name="test_parents_always_precede_offspring" time="0.003" /><testcase classname="tests.test_pedigree" name="test_cycle_is_rejected" time="0.000" /><testcase classname="tests.test_pedigree" name="test_self_parent_and_same_sire_dam_are_rejected" time="0.000" /><testcase classname="tests.test_pedigree" name="test_a_times_matches_dense_for_matrix_rhs" time="0.004" /><testcase classname="tests.test_pedigree" name="test_native_kernel_matches_python_reference" time="2.247" /><testcase classname="tests.test_pedigree" name="test_disable_native_switch" time="0.001" /><testcase classname="tests.test_qc" name="test_clean_pedigree_has_no_blocking_or_review_findings" time="0.002" /><testcase classname="tests.test_qc" name="test_seeded_pedigree_errors[id,sire,dam,sex,birth_date\nS,0,0,M,2019\nD,0,0,F,2019\nA,S,D,F,2021-03-01\nB,S,D,M,2021-03-01\nA,S,B,F,2021-03-01\n-ABP-E204-PED-DUP-CONFLICT]" time="0.002" /><testcase classname="tests.test_qc" name="test_seeded_pedigree_errors[id,sire,dam,sex,birth_date\nS,0,0,M,2019\nD,0,0,F,2019\nA,S,D,F,2021-03-01\nB,S,D,M,2021-03-01\nC,C,D,F,2022\n-ABP-E201-PED-SELF-PARENT]" time="0.001" /><testcase classname="tests.test_qc" name="test_seeded_pedigree_errors[id,sire,dam,sex,birth_date\nS,0,0,M,2019\nD,0,0,F,2019\nA,S,D,F,2021-03-01\nB,S,D,M,2021-03-01\nC,A,D,F,2022\n-ABP-E202-PED-SEX-CONFLICT]" time="0.003" /><testcase classname="tests.test_qc" name="test_seeded_pedigree_errors[id,sire,dam,sex,birth_date\nS,0,0,M,2019\nD,0,0,F,2019\nA,S,D,F,2021-03-01\nB,S,D,M,2021-03-01\nC,S,S,F,2022\n-ABP-E202-PED-SAME-SIRE-DAM]" time="0.002" /><testcase classname="tests.test_qc" name="test_seeded_pedigree_errors[id,sire,dam,sex,birth_date\nS,0,0,M,2019\nD,0,0,F,2019\nA,S,D,F,2021-03-01\nB,S,D,M,2021-03-01\nC,B,A,M,2020\n-ABP-E203-PED-BIRTH-ORDER]" time="0.002" /><testcase classname="tests.test_qc" name="test_seeded_pedigree_errors[id,sire,dam,sex,birth_date\nS,0,0,M,2019\nD,0,0,F,2019\nA,S,D,F,2021-03-01\nB,S,D,M,2021-03-01\nC,B,A,X,2022\n-ABP-E103-PED-SEX-CODE]" time="0.001" /><testcase classname="tests.test_qc" name="test_seeded_pedigree_errors[id,sire,dam,sex,birth_date\nS,0,0,M,2019\nD,0,0,F,2019\nA,S,D,F,2021-03-01\nB,S,D,M,2021-03-01\nC,B,A,M,22/03/2022\n-ABP-E103-PED-DATE]" time="0.004" /><testcase classname="tests.test_qc" name="test_seeded_pedigree_errors[id,sire,dam,sex,birth_date\nS,0,0,M,2019\nD,0,0,F,2019\nA,S,D,F,2021-03-01\nB,S,D,M,2021-03-01\n C,B,A,M,2022\n-ABP-E105-PED-ID]" time="0.002" /><testcase classname="tests.test_qc" name="test_identical_duplicates_and_missing_parents_are_reported_not_hidden" time="0.002" /><testcase classname="tests.test_qc" name="test_all_problems_reported_together" time="0.002" /><testcase classname="tests.test_qc" name="test_genotype_contract_errors" time="0.005" /><testcase classname="tests.test_qc" name="test_genotype_filters_and_ambiguous_flag" time="0.003" /><testcase classname="tests.test_qc" name="test_mendelian_conflict_detects_sample_swap" time="0.005" /><testcase classname="tests.test_registry" name="test_registry_entries" time="0.225" /><testcase classname="tests.test_reml" name="test_t05_score_matches_v_form_and_detects_wrong_derivative" time="0.006" /><testcase classname="tests.test_reml" name="test_repeatability_model_loglik_score_ai_match_v_form" time="0.140" /><testcase classname="tests.test_reml" name="test_reml_optimum_matches_independent_optimizer_and_em" time="7.266" /><testcase classname="tests.test_reml" name="test_boundary_zero_component" time="0.094" /><testcase classname="tests.test_reml" name="test_forced_boundary_case_is_detected" time="0.011" /><testcase classname="tests.test_reml" name="test_non_convergence_is_an_error_and_checkpoint_resume" time="0.118" /><testcase classname="tests.test_reml" name="test_reml_calibration_by_simulation" time="6.454" /><testcase classname="tests.test_reml" name="test_reml_with_dense_genomic_structure_matches_v_form" time="0.688" /><testcase classname="tests.test_selection_index" name="test_t02_gold_standard" time="0.001" /><testcase classname="tests.test_selection_index" name="test_unit_change_of_information_source" time="0.001" /><testcase classname="tests.test_selection_index" name="test_restricted_index_satisfies_kkt" time="0.001" /><testcase classname="tests.test_selection_index" name="test_collinear_information_is_reported" time="0.001" /><testcase classname="tests.test_selection_index" name="test_selection_intensity_and_response" time="0.000" /><testcase classname="tests.test_selection_index" name="test_ebv_index_reliability" time="0.001" /><testcase classname="tests.test_workflow" name="test_example01_end_to_end_matches_independent_reference" time="0.023" /><testcase classname="tests.test_workflow" name="test_rerun_is_deterministic" time="0.051" /><testcase classname="tests.test_workflow" name="test_output_exists_requires_force" time="0.051" /><testcase classname="tests.test_workflow" name="test_pedigree_cycle_fails_without_publishing" time="0.014" /><testcase classname="tests.test_workflow" name="test_out_of_range_error_then_quarantine" time="0.028" /><testcase classname="tests.test_workflow" name="test_unknown_spec_key_is_rejected" time="0.002" /><testcase classname="tests.test_workflow" name="test_repeated_records_need_permanent_environment" time="0.026" /><testcase classname="tests.test_workflow" name="test_unicode_and_space_paths" time="0.018" /><testcase classname="tests.test_workflow" name="test_bad_utf8_and_ragged_rows" time="0.018" /><testcase classname="tests.test_workflow" name="test_cuda_request_is_never_faked" time="0.026" /><testcase classname="tests.test_workflow" name="test_pedigree_command" time="0.005" /><testcase classname="tests.test_workflow" name="test_validate_command" time="0.004" /></testsuite></testsuites>