# command: python -m pytest -v --junitxml=docs/validation/junit-linux-py311-native.xml
# date: 2026-09-25T14:58:35+00:00
# host: Linux 6.18.44-fc-v37 x86_64
============================= test session starts ==============================
platform linux -- Python 3.11.15, pytest-9.1.1, pluggy-1.6.0 -- /usr/local/bin/python
rootdir: /home/user/Animal_Breeding_Program
configfile: pyproject.toml
testpaths: tests
collecting ... collected 173 items

tests/test_bayes.py::test_inclusion_probability_matches_exact_marginal_likelihood PASSED [  0%]
tests/test_bayes.py::test_brr_fixed_variances_matches_exact_gaussian_posterior PASSED [  1%]
tests/test_bayes.py::test_bayescpi_recovers_sparse_architecture PASSED   [  1%]
tests/test_bayes.py::test_all_methods_run_and_report_diagnostics[BRR] PASSED [  2%]
tests/test_bayes.py::test_all_methods_run_and_report_diagnostics[BayesA] PASSED [  2%]
tests/test_bayes.py::test_all_methods_run_and_report_diagnostics[BayesB] PASSED [  3%]
tests/test_bayes.py::test_all_methods_run_and_report_diagnostics[BayesC] PASSED [  4%]
tests/test_bayes.py::test_all_methods_run_and_report_diagnostics[BayesR] PASSED [  4%]
tests/test_bayes.py::test_seed_determinism_and_chain_independence PASSED [  5%]
tests/test_bayes.py::test_invalid_configuration_is_rejected PASSED       [  5%]
tests/test_bayes.py::test_native_sweep_matches_python_reference[0] PASSED [  6%]
tests/test_bayes.py::test_native_sweep_matches_python_reference[1] PASSED [  6%]
tests/test_bayes.py::test_native_sweep_matches_python_reference[2] PASSED [  7%]
tests/test_bayes.py::test_skipped_gebv_diagnostics_are_reported_not_silent PASSED [  8%]
tests/test_bayes.py::test_explicit_priors_traces_and_draws PASSED        [  8%]
tests/test_bayes_workflow.py::test_example10_converges_and_writes_outputs PASSED [  9%]
tests/test_bayes_workflow.py::test_nonconvergence_withholds_results PASSED [  9%]
tests/test_bayes_workflow.py::test_bayes_spec_rules[<lambda>-go together] PASSED [ 10%]
tests/test_bayes_workflow.py::test_bayes_spec_rules[<lambda>-genomic] PASSED [ 10%]
tests/test_bayes_workflow.py::test_bayes_spec_rules[<lambda>-burn_in] PASSED [ 11%]
tests/test_blup.py::test_t04_hand_derived PASSED                         [ 12%]
tests/test_blup.py::test_mrode_example_3_1[dense] PASSED                 [ 12%]
tests/test_blup.py::test_mrode_example_3_1[sparse_direct] PASSED         [ 13%]
tests/test_blup.py::test_mrode_example_3_1[pcg] PASSED                   [ 13%]
tests/test_blup.py::test_repeatability_model_matches_v_form[4] PASSED    [ 14%]
tests/test_blup.py::test_repeatability_model_matches_v_form[5] PASSED    [ 15%]
tests/test_blup.py::test_invariance_to_constraint_choice_and_record_order PASSED [ 15%]
tests/test_blup.py::test_unit_change_kg_to_g PASSED                      [ 16%]
tests/test_blup.py::test_solvers_agree_on_larger_problem PASSED          [ 16%]
tests/test_blup.py::test_invalid_variances_are_rejected PASSED           [ 17%]
tests/test_blup.py::test_pcg_non_convergence_is_an_error PASSED          [ 17%]
tests/test_blup.py::test_auto_selection_and_pcg_fallback PASSED          [ 18%]
tests/test_examples.py::test_example02_reml_and_quarantine PASSED        [ 19%]
tests/test_examples.py::test_example03_repeatability PASSED              [ 19%]
tests/test_examples.py::test_example04_gblup PASSED                      [ 20%]
tests/test_examples.py::test_example05_single_step PASSED                [ 20%]
tests/test_examples.py::test_example06_multitrait_index PASSED           [ 21%]
tests/test_examples.py::test_example07_index_cli PASSED                  [ 21%]
tests/test_examples.py::test_selftest_command PASSED                     [ 22%]
tests/test_examples.py::test_published_json_schema_is_current PASSED     [ 23%]
tests/test_examples.py::test_errors_command_lists_all_codes PASSED       [ 23%]
tests/test_examples.py::test_api_example_script_runs PASSED              [ 24%]
tests/test_examples.py::test_example08_lr_validation PASSED              [ 24%]
tests/test_examples.py::test_example09_candidates_are_reproducible PASSED [ 25%]
tests/test_examples.py::test_error_code_reference_is_current PASSED      [ 26%]
tests/test_genomic.py::test_t01_maf_is_minimum PASSED                    [ 26%]
tests/test_genomic.py::test_g_hand_example_and_properties PASSED         [ 27%]
tests/test_genomic.py::test_allele_flip_invariance PASSED                [ 27%]
tests/test_genomic.py::test_gblup_equals_snp_blup_including_unphenotyped PASSED [ 28%]
tests/test_genomic.py::test_pure_gblup_snp_blup_duality_when_g_is_pd PASSED [ 28%]
tests/test_genomic.py::test_singular_g_requires_explicit_policy PASSED   [ 29%]
tests/test_genomic.py::test_t06_single_step_identities PASSED            [ 30%]
tests/test_genomic.py::test_tuning_matches_a22_means PASSED              [ 30%]
tests/test_genomic_workflow.py::test_gblup_workflow_matches_independent_reference PASSED [ 31%]
tests/test_genomic_workflow.py::test_excluded_records_cannot_influence_results PASSED [ 31%]
tests/test_genomic_workflow.py::test_gblup_refuses_ungenotyped_records_by_default PASSED [ 32%]
tests/test_genomic_workflow.py::test_single_step_workflow_matches_explicit_h PASSED [ 32%]
tests/test_genomic_workflow.py::test_sheep_generator_is_deterministic PASSED [ 33%]
tests/test_genomic_workflow.py::test_training_frequency_sample_uses_qc_passed_records PASSED [ 34%]
tests/test_manifest_contract.py::test_manifest_contract_for_passed_and_failed_runs PASSED [ 34%]
tests/test_mcmc_diagnostics.py::test_iid_draws PASSED                    [ 35%]
tests/test_mcmc_diagnostics.py::test_ar1_effective_sample_size PASSED    [ 35%]
tests/test_mcmc_diagnostics.py::test_nonmixing_chains_are_flagged PASSED [ 36%]
tests/test_mcmc_diagnostics.py::test_summary_fields PASSED               [ 36%]
tests/test_mcmc_diagnostics.py::test_agreement_with_arviz_reference_values[args0-ref0] PASSED [ 37%]
tests/test_mcmc_diagnostics.py::test_agreement_with_arviz_reference_values[args1-ref1] PASSED [ 38%]
tests/test_mcmc_diagnostics.py::test_agreement_with_arviz_reference_values[args2-ref2] PASSED [ 38%]
tests/test_multitrait.py::test_two_animals_two_traits_kronecker_order PASSED [ 39%]
tests/test_multitrait.py::test_missing_patterns_fixed_per_trait_against_reference PASSED [ 39%]
tests/test_multitrait.py::test_single_trait_degeneration_and_independent_traits PASSED [ 40%]
tests/test_multitrait.py::test_unit_change_of_one_trait PASSED           [ 41%]
tests/test_multitrait.py::test_invalid_covariance_rejected PASSED        [ 41%]
tests/test_ocs_mating.py::test_ocs_matches_independent_optimizer_and_kkt[1] PASSED [ 42%]
tests/test_ocs_mating.py::test_ocs_matches_independent_optimizer_and_kkt[2] PASSED [ 42%]
tests/test_ocs_mating.py::test_ocs_matches_independent_optimizer_and_kkt[3] PASSED [ 43%]
tests/test_ocs_mating.py::test_unconstrained_case_equals_linear_programme PASSED [ 43%]
tests/test_ocs_mating.py::test_closed_form_for_unrelated_candidates PASSED [ 44%]
tests/test_ocs_mating.py::test_infeasible_ceiling_reports_minimum PASSED [ 45%]
tests/test_ocs_mating.py::test_tighter_ceiling_never_increases_merit PASSED [ 45%]
tests/test_ocs_mating.py::test_bounds_infeasible_for_a_sex PASSED        [ 46%]
tests/test_ocs_mating.py::test_integer_matings_respect_capacity_and_totals PASSED [ 46%]
tests/test_ocs_mating.py::test_mating_plan_is_optimal_by_enumeration[0] PASSED [ 47%]
tests/test_ocs_mating.py::test_mating_plan_is_optimal_by_enumeration[1] PASSED [ 47%]
tests/test_ocs_mating.py::test_mating_plan_is_optimal_by_enumeration[2] PASSED [ 48%]
tests/test_ocs_mating.py::test_mating_plan_is_optimal_by_enumeration[3] PASSED [ 49%]
tests/test_ocs_mating.py::test_carrier_risk_forbids_only_risky_pairs PASSED [ 49%]
tests/test_ocs_mating.py::test_infeasible_plan_names_unmatchable_dam PASSED [ 50%]
tests/test_ocs_mating.py::test_max_merit_lp_fills_best_candidates PASSED [ 50%]
tests/test_ocs_mating.py::test_integer_repair_meets_ceiling_and_is_bounded_by_continuous_optimum PASSED [ 51%]
tests/test_ocs_mating.py::test_example09_plan_satisfies_every_hard_constraint PASSED [ 52%]
tests/test_ocs_mating.py::test_mating_pedigree_with_group_codes PASSED   [ 52%]
tests/test_pedigree.py::test_t03_hand_derived_gold_standard PASSED       [ 53%]
tests/test_pedigree.py::test_classic_relationships PASSED                [ 53%]
tests/test_pedigree.py::test_unknown_parents_are_distinct_base_animals PASSED [ 54%]
tests/test_pedigree.py::test_against_tabular_reference[1] PASSED         [ 54%]
tests/test_pedigree.py::test_against_tabular_reference[2] PASSED         [ 55%]
tests/test_pedigree.py::test_against_tabular_reference[3] PASSED         [ 56%]
tests/test_pedigree.py::test_input_order_invariance PASSED               [ 56%]
tests/test_pedigree.py::test_parents_always_precede_offspring PASSED     [ 57%]
tests/test_pedigree.py::test_cycle_is_rejected PASSED                    [ 57%]
tests/test_pedigree.py::test_self_parent_and_same_sire_dam_are_rejected PASSED [ 58%]
tests/test_pedigree.py::test_a_times_matches_dense_for_matrix_rhs PASSED [ 58%]
tests/test_pedigree.py::test_native_kernel_matches_python_reference PASSED [ 59%]
tests/test_pedigree.py::test_disable_native_switch PASSED                [ 60%]
tests/test_plink.py::test_hand_derived_bytes PASSED                      [ 60%]
tests/test_plink.py::test_round_trip_and_loader PASSED                   [ 61%]
tests/test_plink.py::test_bad_files PASSED                               [ 61%]
tests/test_plink.py::test_plink_and_dosage_inputs_give_identical_gblup PASSED [ 62%]
tests/test_qc.py::test_clean_pedigree_has_no_blocking_or_review_findings PASSED [ 63%]
tests/test_qc.py::test_seeded_pedigree_errors[id,sire,dam,sex,birth_date\nS,0,0,M,2019\nD,0,0,F,2019\nA,S,D,F,2021-03-01\nB,S,D,M,2021-03-01\nA,S,B,F,2021-03-01\n-ABP-E204-PED-DUP-CONFLICT] PASSED [ 63%]
tests/test_qc.py::test_seeded_pedigree_errors[id,sire,dam,sex,birth_date\nS,0,0,M,2019\nD,0,0,F,2019\nA,S,D,F,2021-03-01\nB,S,D,M,2021-03-01\nC,C,D,F,2022\n-ABP-E201-PED-SELF-PARENT] PASSED [ 64%]
tests/test_qc.py::test_seeded_pedigree_errors[id,sire,dam,sex,birth_date\nS,0,0,M,2019\nD,0,0,F,2019\nA,S,D,F,2021-03-01\nB,S,D,M,2021-03-01\nC,A,D,F,2022\n-ABP-E202-PED-SEX-CONFLICT] PASSED [ 64%]
tests/test_qc.py::test_seeded_pedigree_errors[id,sire,dam,sex,birth_date\nS,0,0,M,2019\nD,0,0,F,2019\nA,S,D,F,2021-03-01\nB,S,D,M,2021-03-01\nC,S,S,F,2022\n-ABP-E202-PED-SAME-SIRE-DAM] PASSED [ 65%]
tests/test_qc.py::test_seeded_pedigree_errors[id,sire,dam,sex,birth_date\nS,0,0,M,2019\nD,0,0,F,2019\nA,S,D,F,2021-03-01\nB,S,D,M,2021-03-01\nC,B,A,M,2020\n-ABP-E203-PED-BIRTH-ORDER] PASSED [ 65%]
tests/test_qc.py::test_seeded_pedigree_errors[id,sire,dam,sex,birth_date\nS,0,0,M,2019\nD,0,0,F,2019\nA,S,D,F,2021-03-01\nB,S,D,M,2021-03-01\nC,B,A,X,2022\n-ABP-E103-PED-SEX-CODE] PASSED [ 66%]
tests/test_qc.py::test_seeded_pedigree_errors[id,sire,dam,sex,birth_date\nS,0,0,M,2019\nD,0,0,F,2019\nA,S,D,F,2021-03-01\nB,S,D,M,2021-03-01\nC,B,A,M,22/03/2022\n-ABP-E103-PED-DATE] PASSED [ 67%]
tests/test_qc.py::test_seeded_pedigree_errors[id,sire,dam,sex,birth_date\nS,0,0,M,2019\nD,0,0,F,2019\nA,S,D,F,2021-03-01\nB,S,D,M,2021-03-01\n C,B,A,M,2022\n-ABP-E105-PED-ID] PASSED [ 67%]
tests/test_qc.py::test_identical_duplicates_and_missing_parents_are_reported_not_hidden PASSED [ 68%]
tests/test_qc.py::test_all_problems_reported_together PASSED             [ 68%]
tests/test_qc.py::test_genotype_contract_errors PASSED                   [ 69%]
tests/test_qc.py::test_genotype_filters_and_ambiguous_flag PASSED        [ 69%]
tests/test_qc.py::test_mendelian_conflict_detects_sample_swap PASSED     [ 70%]
tests/test_registry.py::test_registry_entries PASSED                     [ 71%]
tests/test_reml.py::test_t05_score_matches_v_form_and_detects_wrong_derivative PASSED [ 71%]
tests/test_reml.py::test_repeatability_model_loglik_score_ai_match_v_form PASSED [ 72%]
tests/test_reml.py::test_reml_optimum_matches_independent_optimizer_and_em PASSED [ 72%]
tests/test_reml.py::test_boundary_zero_component PASSED                  [ 73%]
tests/test_reml.py::test_forced_boundary_case_is_detected PASSED         [ 73%]
tests/test_reml.py::test_non_convergence_is_an_error_and_checkpoint_resume PASSED [ 74%]
tests/test_reml.py::test_reml_calibration_by_simulation PASSED           [ 75%]
tests/test_reml.py::test_reml_with_dense_genomic_structure_matches_v_form PASSED [ 75%]
tests/test_selection_index.py::test_t02_gold_standard PASSED             [ 76%]
tests/test_selection_index.py::test_unit_change_of_information_source PASSED [ 76%]
tests/test_selection_index.py::test_restricted_index_satisfies_kkt PASSED [ 77%]
tests/test_selection_index.py::test_collinear_information_is_reported PASSED [ 78%]
tests/test_selection_index.py::test_selection_intensity_and_response PASSED [ 78%]
tests/test_selection_index.py::test_ebv_index_reliability PASSED         [ 79%]
tests/test_upg.py::test_qp_identity PASSED                               [ 79%]
tests/test_upg.py::test_random_groups_blup_equals_explicit_model PASSED  [ 80%]
tests/test_upg.py::test_fixed_groups_confounded_with_intercept_are_refused PASSED [ 80%]
tests/test_upg.py::test_fixed_groups_blup_equals_explicit_model PASSED   [ 81%]
tests/test_upg_workflow.py::test_group_codes_are_parsed_as_groups_not_animals PASSED [ 82%]
tests/test_upg_workflow.py::test_animal_ids_using_the_group_prefix_are_rejected PASSED [ 82%]
tests/test_upg_workflow.py::test_spec_rules[over0-ABP-E104] PASSED       [ 83%]
tests/test_upg_workflow.py::test_spec_rules[over1-ABP-E104] PASSED       [ 83%]
tests/test_upg_workflow.py::test_spec_rules[over2-ABP-E303] PASSED       [ 84%]
tests/test_upg_workflow.py::test_spec_rules[over3-ABP-E104] PASSED       [ 84%]
tests/test_upg_workflow.py::test_spec_rules[over4-ABP-E303] PASSED       [ 85%]
tests/test_upg_workflow.py::test_valid_upg_spec_passes PASSED            [ 86%]
tests/test_upg_workflow.py::test_example11_data_are_reproducible PASSED  [ 86%]
tests/test_upg_workflow.py::test_example11_random_groups PASSED          [ 87%]
tests/test_upg_workflow.py::test_example11_fixed_groups_have_no_reliabilities PASSED [ 87%]
tests/test_upg_workflow.py::test_fixed_groups_confounded_with_intercept_stop_the_run PASSED [ 88%]
tests/test_upg_workflow.py::test_example11_groups_reduce_bias_of_purchased_rams PASSED [ 89%]
tests/test_upg_workflow.py::test_validate_and_pedigree_commands_understand_group_codes PASSED [ 89%]
tests/test_validation_lr.py::test_lr_statistics_definitions PASSED       [ 90%]
tests/test_validation_lr.py::test_split_by_cutoff_rules PASSED           [ 90%]
tests/test_validation_lr.py::test_cluster_bootstrap_is_seeded_and_counts_clusters PASSED [ 91%]
tests/test_validation_lr.py::test_hidden_phenotypes_cannot_leak_into_partial_evaluation PASSED [ 91%]
tests/test_validation_lr.py::test_partial_reml_ignores_hidden_records PASSED [ 92%]
tests/test_validation_lr.py::test_validation_spec_rules PASSED           [ 93%]
tests/test_workflow.py::test_example01_end_to_end_matches_independent_reference PASSED [ 93%]
tests/test_workflow.py::test_rerun_is_deterministic PASSED               [ 94%]
tests/test_workflow.py::test_output_exists_requires_force PASSED         [ 94%]
tests/test_workflow.py::test_pedigree_cycle_fails_without_publishing PASSED [ 95%]
tests/test_workflow.py::test_out_of_range_error_then_quarantine PASSED   [ 95%]
tests/test_workflow.py::test_unknown_spec_key_is_rejected PASSED         [ 96%]
tests/test_workflow.py::test_repeated_records_need_permanent_environment PASSED [ 97%]
tests/test_workflow.py::test_unicode_and_space_paths PASSED              [ 97%]
tests/test_workflow.py::test_bad_utf8_and_ragged_rows PASSED             [ 98%]
tests/test_workflow.py::test_cuda_request_is_never_faked PASSED          [ 98%]
tests/test_workflow.py::test_pedigree_command PASSED                     [ 99%]
tests/test_workflow.py::test_validate_command PASSED                     [100%]

- generated xml file: /home/user/Animal_Breeding_Program/docs/validation/junit-linux-py311-native.xml -
======================== 173 passed in 96.65s (0:01:36) ========================
# exit_code: 0
