# command: ABP_DISABLE_NATIVE=1 python -m pytest -v
# date: 2026-09-25T11:34:28+00:00
============================= test session starts ==============================
platform linux -- Python 3.11.15, pytest-9.1.1, pluggy-1.6.0 -- /usr/local/bin/python3
cachedir: .pytest_cache
rootdir: /home/user/Animal_Breeding_Program
configfile: pyproject.toml
testpaths: tests
collecting ... collected 96 items

tests/test_blup.py::test_t04_hand_derived PASSED                         [  1%]
tests/test_blup.py::test_mrode_example_3_1[dense] PASSED                 [  2%]
tests/test_blup.py::test_mrode_example_3_1[sparse_direct] PASSED         [  3%]
tests/test_blup.py::test_mrode_example_3_1[pcg] PASSED                   [  4%]
tests/test_blup.py::test_repeatability_model_matches_v_form[4] PASSED    [  5%]
tests/test_blup.py::test_repeatability_model_matches_v_form[5] PASSED    [  6%]
tests/test_blup.py::test_invariance_to_constraint_choice_and_record_order PASSED [  7%]
tests/test_blup.py::test_unit_change_kg_to_g PASSED                      [  8%]
tests/test_blup.py::test_solvers_agree_on_larger_problem PASSED          [  9%]
tests/test_blup.py::test_invalid_variances_are_rejected PASSED           [ 10%]
tests/test_blup.py::test_pcg_non_convergence_is_an_error PASSED          [ 11%]
tests/test_blup.py::test_auto_selection_and_pcg_fallback PASSED          [ 12%]
tests/test_examples.py::test_example02_reml_and_quarantine PASSED        [ 13%]
tests/test_examples.py::test_example03_repeatability PASSED              [ 14%]
tests/test_examples.py::test_example04_gblup PASSED                      [ 15%]
tests/test_examples.py::test_example05_single_step PASSED                [ 16%]
tests/test_examples.py::test_example06_multitrait_index PASSED           [ 17%]
tests/test_examples.py::test_example07_index_cli PASSED                  [ 18%]
tests/test_examples.py::test_selftest_command PASSED                     [ 19%]
tests/test_examples.py::test_published_json_schema_is_current PASSED     [ 20%]
tests/test_examples.py::test_errors_command_lists_all_codes PASSED       [ 21%]
tests/test_examples.py::test_api_example_script_runs PASSED              [ 22%]
tests/test_genomic.py::test_t01_maf_is_minimum PASSED                    [ 23%]
tests/test_genomic.py::test_g_hand_example_and_properties PASSED         [ 25%]
tests/test_genomic.py::test_allele_flip_invariance PASSED                [ 26%]
tests/test_genomic.py::test_gblup_equals_snp_blup_including_unphenotyped PASSED [ 27%]
tests/test_genomic.py::test_pure_gblup_snp_blup_duality_when_g_is_pd PASSED [ 28%]
tests/test_genomic.py::test_singular_g_requires_explicit_policy PASSED   [ 29%]
tests/test_genomic.py::test_t06_single_step_identities PASSED            [ 30%]
tests/test_genomic.py::test_tuning_matches_a22_means PASSED              [ 31%]
tests/test_genomic_workflow.py::test_gblup_workflow_matches_independent_reference PASSED [ 32%]
tests/test_genomic_workflow.py::test_excluded_records_cannot_influence_results PASSED [ 33%]
tests/test_genomic_workflow.py::test_gblup_refuses_ungenotyped_records_by_default PASSED [ 34%]
tests/test_genomic_workflow.py::test_single_step_workflow_matches_explicit_h PASSED [ 35%]
tests/test_genomic_workflow.py::test_sheep_generator_is_deterministic PASSED [ 36%]
tests/test_genomic_workflow.py::test_training_frequency_sample_uses_qc_passed_records PASSED [ 37%]
tests/test_manifest_contract.py::test_manifest_contract_for_passed_and_failed_runs PASSED [ 38%]
tests/test_multitrait.py::test_two_animals_two_traits_kronecker_order PASSED [ 39%]
tests/test_multitrait.py::test_missing_patterns_fixed_per_trait_against_reference PASSED [ 40%]
tests/test_multitrait.py::test_single_trait_degeneration_and_independent_traits PASSED [ 41%]
tests/test_multitrait.py::test_unit_change_of_one_trait PASSED           [ 42%]
tests/test_multitrait.py::test_invalid_covariance_rejected PASSED        [ 43%]
tests/test_pedigree.py::test_t03_hand_derived_gold_standard PASSED       [ 44%]
tests/test_pedigree.py::test_classic_relationships PASSED                [ 45%]
tests/test_pedigree.py::test_unknown_parents_are_distinct_base_animals PASSED [ 46%]
tests/test_pedigree.py::test_against_tabular_reference[1] PASSED         [ 47%]
tests/test_pedigree.py::test_against_tabular_reference[2] PASSED         [ 48%]
tests/test_pedigree.py::test_against_tabular_reference[3] PASSED         [ 50%]
tests/test_pedigree.py::test_input_order_invariance PASSED               [ 51%]
tests/test_pedigree.py::test_parents_always_precede_offspring PASSED     [ 52%]
tests/test_pedigree.py::test_cycle_is_rejected PASSED                    [ 53%]
tests/test_pedigree.py::test_self_parent_and_same_sire_dam_are_rejected PASSED [ 54%]
tests/test_pedigree.py::test_a_times_matches_dense_for_matrix_rhs PASSED [ 55%]
tests/test_pedigree.py::test_native_kernel_matches_python_reference PASSED [ 56%]
tests/test_pedigree.py::test_disable_native_switch PASSED                [ 57%]
tests/test_qc.py::test_clean_pedigree_has_no_blocking_or_review_findings PASSED [ 58%]
tests/test_qc.py::test_seeded_pedigree_errors[id,sire,dam,sex,birth_date\nS,0,0,M,2019\nD,0,0,F,2019\nA,S,D,F,2021-03-01\nB,S,D,M,2021-03-01\nA,S,B,F,2021-03-01\n-ABP-E204-PED-DUP-CONFLICT] PASSED [ 59%]
tests/test_qc.py::test_seeded_pedigree_errors[id,sire,dam,sex,birth_date\nS,0,0,M,2019\nD,0,0,F,2019\nA,S,D,F,2021-03-01\nB,S,D,M,2021-03-01\nC,C,D,F,2022\n-ABP-E201-PED-SELF-PARENT] PASSED [ 60%]
tests/test_qc.py::test_seeded_pedigree_errors[id,sire,dam,sex,birth_date\nS,0,0,M,2019\nD,0,0,F,2019\nA,S,D,F,2021-03-01\nB,S,D,M,2021-03-01\nC,A,D,F,2022\n-ABP-E202-PED-SEX-CONFLICT] PASSED [ 61%]
tests/test_qc.py::test_seeded_pedigree_errors[id,sire,dam,sex,birth_date\nS,0,0,M,2019\nD,0,0,F,2019\nA,S,D,F,2021-03-01\nB,S,D,M,2021-03-01\nC,S,S,F,2022\n-ABP-E202-PED-SAME-SIRE-DAM] PASSED [ 62%]
tests/test_qc.py::test_seeded_pedigree_errors[id,sire,dam,sex,birth_date\nS,0,0,M,2019\nD,0,0,F,2019\nA,S,D,F,2021-03-01\nB,S,D,M,2021-03-01\nC,B,A,M,2020\n-ABP-E203-PED-BIRTH-ORDER] PASSED [ 63%]
tests/test_qc.py::test_seeded_pedigree_errors[id,sire,dam,sex,birth_date\nS,0,0,M,2019\nD,0,0,F,2019\nA,S,D,F,2021-03-01\nB,S,D,M,2021-03-01\nC,B,A,X,2022\n-ABP-E103-PED-SEX-CODE] PASSED [ 64%]
tests/test_qc.py::test_seeded_pedigree_errors[id,sire,dam,sex,birth_date\nS,0,0,M,2019\nD,0,0,F,2019\nA,S,D,F,2021-03-01\nB,S,D,M,2021-03-01\nC,B,A,M,22/03/2022\n-ABP-E103-PED-DATE] PASSED [ 65%]
tests/test_qc.py::test_seeded_pedigree_errors[id,sire,dam,sex,birth_date\nS,0,0,M,2019\nD,0,0,F,2019\nA,S,D,F,2021-03-01\nB,S,D,M,2021-03-01\n C,B,A,M,2022\n-ABP-E105-PED-ID] PASSED [ 66%]
tests/test_qc.py::test_identical_duplicates_and_missing_parents_are_reported_not_hidden PASSED [ 67%]
tests/test_qc.py::test_all_problems_reported_together PASSED             [ 68%]
tests/test_qc.py::test_genotype_contract_errors PASSED                   [ 69%]
tests/test_qc.py::test_genotype_filters_and_ambiguous_flag PASSED        [ 70%]
tests/test_qc.py::test_mendelian_conflict_detects_sample_swap PASSED     [ 71%]
tests/test_registry.py::test_registry_entries PASSED                     [ 72%]
tests/test_reml.py::test_t05_score_matches_v_form_and_detects_wrong_derivative PASSED [ 73%]
tests/test_reml.py::test_repeatability_model_loglik_score_ai_match_v_form PASSED [ 75%]
tests/test_reml.py::test_reml_optimum_matches_independent_optimizer_and_em PASSED [ 76%]
tests/test_reml.py::test_boundary_zero_component PASSED                  [ 77%]
tests/test_reml.py::test_forced_boundary_case_is_detected PASSED         [ 78%]
tests/test_reml.py::test_non_convergence_is_an_error_and_checkpoint_resume PASSED [ 79%]
tests/test_reml.py::test_reml_calibration_by_simulation PASSED           [ 80%]
tests/test_reml.py::test_reml_with_dense_genomic_structure_matches_v_form PASSED [ 81%]
tests/test_selection_index.py::test_t02_gold_standard PASSED             [ 82%]
tests/test_selection_index.py::test_unit_change_of_information_source PASSED [ 83%]
tests/test_selection_index.py::test_restricted_index_satisfies_kkt PASSED [ 84%]
tests/test_selection_index.py::test_collinear_information_is_reported PASSED [ 85%]
tests/test_selection_index.py::test_selection_intensity_and_response PASSED [ 86%]
tests/test_selection_index.py::test_ebv_index_reliability PASSED         [ 87%]
tests/test_workflow.py::test_example01_end_to_end_matches_independent_reference PASSED [ 88%]
tests/test_workflow.py::test_rerun_is_deterministic PASSED               [ 89%]
tests/test_workflow.py::test_output_exists_requires_force PASSED         [ 90%]
tests/test_workflow.py::test_pedigree_cycle_fails_without_publishing PASSED [ 91%]
tests/test_workflow.py::test_out_of_range_error_then_quarantine PASSED   [ 92%]
tests/test_workflow.py::test_unknown_spec_key_is_rejected PASSED         [ 93%]
tests/test_workflow.py::test_repeated_records_need_permanent_environment PASSED [ 94%]
tests/test_workflow.py::test_unicode_and_space_paths PASSED              [ 95%]
tests/test_workflow.py::test_bad_utf8_and_ragged_rows PASSED             [ 96%]
tests/test_workflow.py::test_cuda_request_is_never_faked PASSED          [ 97%]
tests/test_workflow.py::test_pedigree_command PASSED                     [ 98%]
tests/test_workflow.py::test_validate_command PASSED                     [100%]

- generated xml file: /home/user/Animal_Breeding_Program/docs/validation/junit-linux-py311-python-kernels.xml -
============================= 96 passed in 37.62s ==============================
# exit_code: 0
